app/build/outputs/mapping/release/mapping.txt
# compiler: R8
# compiler_version: 1.5.68
# min_api: 21
# pg_map_id: c5a4f13
com.cleanup.todoc.database.dao.ProjectDao -> d.b.a.a.a.a:
com.cleanup.todoc.database.dao.ProjectDao_Impl -> d.b.a.a.a.b:
    android.arch.persistence.room.RoomDatabase __db -> a
    android.arch.persistence.room.RoomDatabase access$000(com.cleanup.todoc.database.dao.ProjectDao_Impl) -> a
    1:1:android.arch.lifecycle.LiveData android.arch.lifecycle.ComputableLiveData.getLiveData():0:0 -> a
    1:1:android.arch.lifecycle.LiveData getProjects():0 -> a
com.cleanup.todoc.database.dao.ProjectDao_Impl$1 -> d.b.a.a.a.b$a:
    1:1:long com.cleanup.todoc.model.Project.getId():0:0 -> a
    1:1:void bind(android.arch.persistence.db.SupportSQLiteStatement,com.cleanup.todoc.model.Project):0 -> a
    1:1:void bind(android.arch.persistence.db.SupportSQLiteStatement,java.lang.Object):0 -> a
    2:2:void bind(android.arch.persistence.db.SupportSQLiteStatement,com.cleanup.todoc.model.Project):0:0 -> a
    2:2:void bind(android.arch.persistence.db.SupportSQLiteStatement,java.lang.Object):0 -> a
    3:3:java.lang.String com.cleanup.todoc.model.Project.getName():0:0 -> a
    3:3:void bind(android.arch.persistence.db.SupportSQLiteStatement,com.cleanup.todoc.model.Project):0 -> a
    3:3:void bind(android.arch.persistence.db.SupportSQLiteStatement,java.lang.Object):0 -> a
    4:4:void bind(android.arch.persistence.db.SupportSQLiteStatement,com.cleanup.todoc.model.Project):0:0 -> a
    4:4:void bind(android.arch.persistence.db.SupportSQLiteStatement,java.lang.Object):0 -> a
    5:5:int com.cleanup.todoc.model.Project.getColor():0:0 -> a
    5:5:void bind(android.arch.persistence.db.SupportSQLiteStatement,com.cleanup.todoc.model.Project):0 -> a
    5:5:void bind(android.arch.persistence.db.SupportSQLiteStatement,java.lang.Object):0 -> a
    6:6:void bind(android.arch.persistence.db.SupportSQLiteStatement,com.cleanup.todoc.model.Project):0:0 -> a
    6:6:void bind(android.arch.persistence.db.SupportSQLiteStatement,java.lang.Object):0 -> a
com.cleanup.todoc.database.dao.ProjectDao_Impl$2 -> d.b.a.a.a.b$b:
    1:1:long com.cleanup.todoc.model.Project.getId():0:0 -> a
    1:1:void bind(android.arch.persistence.db.SupportSQLiteStatement,com.cleanup.todoc.model.Project):0 -> a
    1:1:void bind(android.arch.persistence.db.SupportSQLiteStatement,java.lang.Object):0 -> a
    2:2:void bind(android.arch.persistence.db.SupportSQLiteStatement,com.cleanup.todoc.model.Project):0:0 -> a
    2:2:void bind(android.arch.persistence.db.SupportSQLiteStatement,java.lang.Object):0 -> a
    3:3:java.lang.String com.cleanup.todoc.model.Project.getName():0:0 -> a
    3:3:void bind(android.arch.persistence.db.SupportSQLiteStatement,com.cleanup.todoc.model.Project):0 -> a
    3:3:void bind(android.arch.persistence.db.SupportSQLiteStatement,java.lang.Object):0 -> a
    4:4:void bind(android.arch.persistence.db.SupportSQLiteStatement,com.cleanup.todoc.model.Project):0:0 -> a
    4:4:void bind(android.arch.persistence.db.SupportSQLiteStatement,java.lang.Object):0 -> a
    5:5:int com.cleanup.todoc.model.Project.getColor():0:0 -> a
    5:5:void bind(android.arch.persistence.db.SupportSQLiteStatement,com.cleanup.todoc.model.Project):0 -> a
    5:5:void bind(android.arch.persistence.db.SupportSQLiteStatement,java.lang.Object):0 -> a
    6:6:void bind(android.arch.persistence.db.SupportSQLiteStatement,com.cleanup.todoc.model.Project):0:0 -> a
    6:6:void bind(android.arch.persistence.db.SupportSQLiteStatement,java.lang.Object):0 -> a
...
android.support.v7.app.AppCompatDelegateImpl$PanelMenuPresenterCallback -> a.b.g.a.o$i:
    android.support.v7.app.AppCompatDelegateImpl this$0 -> b
    void onCloseMenu(android.support.v7.view.menu.MenuBuilder,boolean) -> a
    boolean onOpenSubMenu(android.support.v7.view.menu.MenuBuilder) -> a
android.support.v7.app.AppCompatDialog -> a.b.g.a.v:
    android.support.v4.view.KeyEventDispatcher$Component mKeyDispatcher -> c
    android.support.v7.app.AppCompatDelegate mDelegate -> b
    1:1:int getThemeResId(android.content.Context,int):0:0 -> <init>
    1:1:void <init>(android.content.Context,int):0 -> <init>
    2:2:void <init>(android.content.Context,int):0:0 -> <init>
    1:1:android.support.v7.app.AppCompatDelegate android.support.v7.app.AppCompatDelegate.create(android.app.Dialog,android.support.v7.app.AppCompatCallback):0:0 -> a
    1:1:android.support.v7.app.AppCompatDelegate getDelegate():0 -> a
    2:2:android.support.v7.app.AppCompatDelegate getDelegate():0:0 -> a
    void onSupportActionModeStarted(android.support.v7.view.ActionMode) -> a
    android.support.v7.view.ActionMode onWindowStartingSupportActionMode(android.support.v7.view.ActionMode$Callback) -> a
    boolean superDispatchKeyEvent(android.view.KeyEvent) -> a
    1:1:void android.support.v7.app.AppCompatDelegateImpl.addContentView(android.view.View,android.view.ViewGroup$LayoutParams):0:0 -> addContentView
    1:1:void addContentView(android.view.View,android.view.ViewGroup$LayoutParams):0 -> addContentView
    void onSupportActionModeFinished(android.support.v7.view.ActionMode) -> b
    1:1:android.view.View android.support.v7.app.AppCompatDelegateImpl.findViewById(int):0:0 -> findViewById
    1:1:android.view.View findViewById(int):0 -> findViewById
android.support.v7.app.AppCompatDialog$1 -> a.b.g.a.v$a:
    android.support.v7.app.AppCompatDialog this$0 -> b
    boolean superDispatchKeyEvent(android.view.KeyEvent) -> a
android.support.v7.app.AppCompatViewInflater -> android.support.v7.app.AppCompatViewInflater:
    1:1:void android.support.v7.widget.AppCompatButton.<init>(android.content.Context,android.util.AttributeSet):0:0 -> createButton
    1:1:android.support.v7.widget.AppCompatButton createButton(android.content.Context,android.util.AttributeSet):0 -> createButton
    1:1:void android.support.v7.widget.AppCompatSpinner.<init>(android.content.Context,android.util.AttributeSet):0:0 -> createSpinner
    1:1:android.support.v7.widget.AppCompatSpinner createSpinner(android.content.Context,android.util.AttributeSet):0 -> createSpinner
    1:1:int android.support.v7.view.ContextThemeWrapper.getThemeResId():0:0 -> themifyContext
    1:1:android.content.Context themifyContext(android.content.Context,android.util.AttributeSet,boolean,boolean):0 -> themifyContext
    2:2:android.content.Context themifyContext(android.content.Context,android.util.AttributeSet,boolean,boolean):0:0 -> themifyContext
android.support.v7.app.AppCompatViewInflater$DeclaredOnClickListener -> android.support.v7.app.AppCompatViewInflater$a:
    java.lang.reflect.Method mResolvedMethod -> d
    android.view.View mHostView -> b
    java.lang.String mMethodName -> c
    android.content.Context mResolvedContext -> e
    1:1:void resolveMethod(android.content.Context,java.lang.String):0:0 -> onClick
    1:1:void onClick(android.view.View):0 -> onClick
    2:2:void onClick(android.view.View):0:0 -> onClick
android.support.v7.app.TwilightCalculator -> a.b.g.a.w:
    long sunrise -> b
    long sunset -> a
    int state -> c
    android.support.v7.app.TwilightCalculator sInstance -> d
    void calculateTwilight(long,double,double) -> a